# JRE version: Java(TM) SE Runtime Environment (8.0_281-b09) (build 1.8.0_281-b09)
# Java VM: Java HotSpot(TM) 64-Bit Server VM (25.281-b09 mixed mode windows-amd64 compressed oops)
Heap:
 PSYoungGen      total 119808K, used 28871K [0x00000000f5580000, 0x00000000ffe00000, 0x0000000100000000)
  eden space 68096K, 35% used [0x00000000f5580000,0x00000000f6cd1e58,0x00000000f9800000)
  from space 51712K, 9% used [0x00000000f9800000,0x00000000f9ce0000,0x00000000fca80000)
  to   space 50688K, 0% used [0x00000000fcc80000,0x00000000fcc80000,0x00000000ffe00000)
 ParOldGen       total 206848K, used 144506K [0x00000000e0000000, 0x00000000eca00000, 0x00000000f5580000)
  object space 206848K, 69% used [0x00000000e0000000,0x00000000e8d1e830,0x00000000eca00000)
 Metaspace       used 81200K, capacity 87328K, committed 87424K, reserved 1124352K
  class space    used 11351K, capacity 12648K, committed 12672K, reserved 1048576K
GC Heap History (10 events):
Event: 27.872 GC heap before
{Heap before GC invocations=26 (full 3):
 PSYoungGen      total 118272K, used 74112K [0x00000000f5580000, 0x0000000100000000, 0x0000000100000000)
  eden space 62976K, 100% used [0x00000000f5580000,0x00000000f9300000,0x00000000f9300000)
  from space 55296K, 20% used [0x00000000fc800000,0x00000000fd2e00c0,0x00000000ffe00000)
  to   space 54272K, 0% used [0x00000000f9300000,0x00000000f9300000,0x00000000fc800000)
 ParOldGen       total 206848K, used 124425K [0x00000000e0000000, 0x00000000eca00000, 0x00000000f5580000)
  object space 206848K, 60% used [0x00000000e0000000,0x00000000e7982730,0x00000000eca00000)
 Metaspace       used 81036K, capacity 87120K, committed 87168K, reserved 1124352K
  class space    used 11328K, capacity 12646K, committed 12672K, reserved 1048576K
Event: 27.880 GC heap after
Heap after GC invocations=26 (full 3):
 PSYoungGen      total 117248K, used 8832K [0x00000000f5580000, 0x00000000ffe00000, 0x0000000100000000)
  eden space 62976K, 0% used [0x00000000f5580000,0x00000000f5580000,0x00000000f9300000)
  from space 54272K, 16% used [0x00000000f9300000,0x00000000f9ba00c0,0x00000000fc800000)
  to   space 53760K, 0% used [0x00000000fc980000,0x00000000fc980000,0x00000000ffe00000)
 ParOldGen       total 206848K, used 129993K [0x00000000e0000000, 0x00000000eca00000, 0x00000000f5580000)
  object space 206848K, 62% used [0x00000000e0000000,0x00000000e7ef2770,0x00000000eca00000)
 Metaspace       used 81036K, capacity 87120K, committed 87168K, reserved 1124352K
  class space    used 11328K, capacity 12646K, committed 12672K, reserved 1048576K
}
Event: 28.116 GC heap before
{Heap before GC invocations=27 (full 3):
 PSYoungGen      total 117248K, used 71808K [0x00000000f5580000, 0x00000000ffe00000, 0x0000000100000000)
  eden space 62976K, 100% used [0x00000000f5580000,0x00000000f9300000,0x00000000f9300000)
  from space 54272K, 16% used [0x00000000f9300000,0x00000000f9ba00c0,0x00000000fc800000)
  to   space 53760K, 0% used [0x00000000fc980000,0x00000000fc980000,0x00000000ffe00000)
 ParOldGen       total 206848K, used 129993K [0x00000000e0000000, 0x00000000eca00000, 0x00000000f5580000)
  object space 206848K, 62% used [0x00000000e0000000,0x00000000e7ef2770,0x00000000eca00000)
 Metaspace       used 81037K, capacity 87120K, committed 87168K, reserved 1124352K
  class space    used 11328K, capacity 12646K, committed 12672K, reserved 1048576K
Event: 28.123 GC heap after
Heap after GC invocations=27 (full 3):
 PSYoungGen      total 118784K, used 5312K [0x00000000f5580000, 0x00000000fff80000, 0x0000000100000000)
  eden space 65024K, 0% used [0x00000000f5580000,0x00000000f5580000,0x00000000f9500000)
  from space 53760K, 9% used [0x00000000fc980000,0x00000000fceb0000,0x00000000ffe00000)
  to   space 53760K, 0% used [0x00000000f9500000,0x00000000f9500000,0x00000000fc980000)
 ParOldGen       total 206848K, used 136394K [0x00000000e0000000, 0x00000000eca00000, 0x00000000f5580000)
  object space 206848K, 65% used [0x00000000e0000000,0x00000000e8532830,0x00000000eca00000)
 Metaspace       used 81037K, capacity 87120K, committed 87168K, reserved 1124352K
  class space    used 11328K, capacity 12646K, committed 12672K, reserved 1048576K
}
Event: 28.449 GC heap before
{Heap before GC invocations=28 (full 3):
 PSYoungGen      total 118784K, used 70336K [0x00000000f5580000, 0x00000000fff80000, 0x0000000100000000)
  eden space 65024K, 100% used [0x00000000f5580000,0x00000000f9500000,0x00000000f9500000)
  from space 53760K, 9% used [0x00000000fc980000,0x00000000fceb0000,0x00000000ffe00000)
  to   space 53760K, 0% used [0x00000000f9500000,0x00000000f9500000,0x00000000fc980000)
 ParOldGen       total 206848K, used 136394K [0x00000000e0000000, 0x00000000eca00000, 0x00000000f5580000)
  object space 206848K, 65% used [0x00000000e0000000,0x00000000e8532830,0x00000000eca00000)
 Metaspace       used 81037K, capacity 87120K, committed 87168K, reserved 1124352K
  class space    used 11328K, capacity 12646K, committed 12672K, reserved 1048576K
Event: 28.454 GC heap after
Heap after GC invocations=28 (full 3):
 PSYoungGen      total 118784K, used 5376K [0x00000000f5580000, 0x00000000ffe00000, 0x0000000100000000)
  eden space 65024K, 0% used [0x00000000f5580000,0x00000000f5580000,0x00000000f9500000)
  from space 53760K, 10% used [0x00000000f9500000,0x00000000f9a40000,0x00000000fc980000)
  to   space 52736K, 0% used [0x00000000fca80000,0x00000000fca80000,0x00000000ffe00000)
 ParOldGen       total 206848K, used 139234K [0x00000000e0000000, 0x00000000eca00000, 0x00000000f5580000)
  object space 206848K, 67% used [0x00000000e0000000,0x00000000e87f8830,0x00000000eca00000)
 Metaspace       used 81037K, capacity 87120K, committed 87168K, reserved 1124352K
  class space    used 11328K, capacity 12646K, committed 12672K, reserved 1048576K
}
Event: 29.480 GC heap before
{Heap before GC invocations=29 (full 3):
 PSYoungGen      total 118784K, used 70400K [0x00000000f5580000, 0x00000000ffe00000, 0x0000000100000000)
  eden space 65024K, 100% used [0x00000000f5580000,0x00000000f9500000,0x00000000f9500000)
  from space 53760K, 10% used [0x00000000f9500000,0x00000000f9a40000,0x00000000fc980000)
  to   space 52736K, 0% used [0x00000000fca80000,0x00000000fca80000,0x00000000ffe00000)
 ParOldGen       total 206848K, used 139234K [0x00000000e0000000, 0x00000000eca00000, 0x00000000f5580000)
  object space 206848K, 67% used [0x00000000e0000000,0x00000000e87f8830,0x00000000eca00000)
 Metaspace       used 81037K, capacity 87120K, committed 87168K, reserved 1124352K
  class space    used 11328K, capacity 12646K, committed 12672K, reserved 1048576K
Event: 29.485 GC heap after
Heap after GC invocations=29 (full 3):
 PSYoungGen      total 119808K, used 5120K [0x00000000f5580000, 0x00000000ffd00000, 0x0000000100000000)
  eden space 68096K, 0% used [0x00000000f5580000,0x00000000f5580000,0x00000000f9800000)
  from space 51712K, 9% used [0x00000000fca80000,0x00000000fcf80000,0x00000000ffd00000)
  to   space 51712K, 0% used [0x00000000f9800000,0x00000000f9800000,0x00000000fca80000)
 ParOldGen       total 206848K, used 142058K [0x00000000e0000000, 0x00000000eca00000, 0x00000000f5580000)
  object space 206848K, 68% used [0x00000000e0000000,0x00000000e8aba830,0x00000000eca00000)
 Metaspace       used 81037K, capacity 87120K, committed 87168K, reserved 1124352K
  class space    used 11328K, capacity 12646K, committed 12672K, reserved 1048576K
}
Event: 30.099 GC heap before
{Heap before GC invocations=30 (full 3):
 PSYoungGen      total 119808K, used 73216K [0x00000000f5580000, 0x00000000ffd00000, 0x0000000100000000)
  eden space 68096K, 100% used [0x00000000f5580000,0x00000000f9800000,0x00000000f9800000)
  from space 51712K, 9% used [0x00000000fca80000,0x00000000fcf80000,0x00000000ffd00000)
  to   space 51712K, 0% used [0x00000000f9800000,0x00000000f9800000,0x00000000fca80000)
 ParOldGen       total 206848K, used 142058K [0x00000000e0000000, 0x00000000eca00000, 0x00000000f5580000)
  object space 206848K, 68% used [0x00000000e0000000,0x00000000e8aba830,0x00000000eca00000)
 Metaspace       used 81037K, capacity 87120K, committed 87168K, reserved 1124352K
  class space    used 11328K, capacity 12646K, committed 12672K, reserved 1048576K
Event: 30.104 GC heap after
Heap after GC invocations=30 (full 3):
 PSYoungGen      total 119808K, used 4992K [0x00000000f5580000, 0x00000000ffe00000, 0x0000000100000000)
  eden space 68096K, 0% used [0x00000000f5580000,0x00000000f5580000,0x00000000f9800000)
  from space 51712K, 9% used [0x00000000f9800000,0x00000000f9ce0000,0x00000000fca80000)
  to   space 50688K, 0% used [0x00000000fcc80000,0x00000000fcc80000,0x00000000ffe00000)
 ParOldGen       total 206848K, used 144506K [0x00000000e0000000, 0x00000000eca00000, 0x00000000f5580000)
  object space 206848K, 69% used [0x00000000e0000000,0x00000000e8d1e830,0x00000000eca00000)
 Metaspace       used 81037K, capacity 87120K, committed 87168K, reserved 1124352K
  class space    used 11328K, capacity 12646K, committed 12672K, reserved 1048576K
}

